Build started 17/08/2016 22:55:28.
     1>Project "C:\Users\Albert\documents\visual studio 2013\Projects\ChatServer\ChatServer\ChatServer.vcxproj" on node 2 (Build target(s)).
     1>ClCompile:
         C:\Program Files (x86)\Microsoft Visual Studio 12.0\VC\bin\CL.exe /c /ZI /nologo /W3 /WX- /sdl /Od /Oy- /D WIN32 /D _DEBUG /D _CONSOLE /D _LIB /D _UNICODE /D UNICODE /Gm /EHsc /RTC1 /MDd /GS /fp:precise /Zc:wchar_t /Zc:forScope /Fo"Debug\\" /Fd"Debug\vc120.pdb" /Gd /TC /analyze- /errorReport:prompt room.c sds.c
         sds.c
     1>c:\users\albert\documents\visual studio 2013\projects\chatserver\chatserver\sds.h(88): error C2054: expected '(' to follow 'inline'
     1>c:\users\albert\documents\visual studio 2013\projects\chatserver\chatserver\sds.h(88): error C2085: 'sdslen' : not in formal parameter list
     1>c:\users\albert\documents\visual studio 2013\projects\chatserver\chatserver\sds.h(88): error C2143: syntax error : missing ';' before '{'
     1>c:\users\albert\documents\visual studio 2013\projects\chatserver\chatserver\sds.h(105): error C2054: expected '(' to follow 'inline'
     1>c:\users\albert\documents\visual studio 2013\projects\chatserver\chatserver\sds.h(105): error C2085: 'sdsavail' : not in formal parameter list
     1>c:\users\albert\documents\visual studio 2013\projects\chatserver\chatserver\sds.h(105): error C2143: syntax error : missing ';' before '{'
     1>c:\users\albert\documents\visual studio 2013\projects\chatserver\chatserver\sds.h(131): error C2054: expected '(' to follow 'inline'
     1>c:\users\albert\documents\visual studio 2013\projects\chatserver\chatserver\sds.h(131): error C2085: 'sdssetlen' : not in formal parameter list
     1>c:\users\albert\documents\visual studio 2013\projects\chatserver\chatserver\sds.h(131): error C2143: syntax error : missing ';' before '{'
     1>c:\users\albert\documents\visual studio 2013\projects\chatserver\chatserver\sds.h(155): error C2054: expected '(' to follow 'inline'
     1>c:\users\albert\documents\visual studio 2013\projects\chatserver\chatserver\sds.h(155): error C2085: 'sdsinclen' : not in formal parameter list
     1>c:\users\albert\documents\visual studio 2013\projects\chatserver\chatserver\sds.h(155): error C2143: syntax error : missing ';' before '{'
     1>c:\users\albert\documents\visual studio 2013\projects\chatserver\chatserver\sds.h(181): error C2054: expected '(' to follow 'inline'
     1>c:\users\albert\documents\visual studio 2013\projects\chatserver\chatserver\sds.h(181): error C2085: 'sdsalloc' : not in formal parameter list
     1>c:\users\albert\documents\visual studio 2013\projects\chatserver\chatserver\sds.h(181): error C2143: syntax error : missing ';' before '{'
     1>c:\users\albert\documents\visual studio 2013\projects\chatserver\chatserver\sds.h(198): error C2054: expected '(' to follow 'inline'
     1>c:\users\albert\documents\visual studio 2013\projects\chatserver\chatserver\sds.h(198): error C2085: 'sdssetalloc' : not in formal parameter list
     1>c:\users\albert\documents\visual studio 2013\projects\chatserver\chatserver\sds.h(198): error C2143: syntax error : missing ';' before '{'
     1>c:\users\albert\documents\visual studio 2013\projects\chatserver\chatserver\sds.c(41): error C2054: expected '(' to follow 'inline'
     1>c:\users\albert\documents\visual studio 2013\projects\chatserver\chatserver\sds.c(41): error C2085: 'sdsHdrSize' : not in formal parameter list
     1>c:\users\albert\documents\visual studio 2013\projects\chatserver\chatserver\sds.c(41): error C2143: syntax error : missing ';' before '{'
     1>c:\users\albert\documents\visual studio 2013\projects\chatserver\chatserver\sds.c(57): error C2054: expected '(' to follow 'inline'
     1>c:\users\albert\documents\visual studio 2013\projects\chatserver\chatserver\sds.c(57): error C2085: 'sdsReqType' : not in formal parameter list
     1>c:\users\albert\documents\visual studio 2013\projects\chatserver\chatserver\sds.c(57): error C2143: syntax error : missing ';' before '{'
     1>c:\users\albert\documents\visual studio 2013\projects\chatserver\chatserver\sds.c(84): warning C4013: 'sdsReqType' undefined; assuming extern returning int
     1>c:\users\albert\documents\visual studio 2013\projects\chatserver\chatserver\sds.c(88): warning C4013: 'sdsHdrSize' undefined; assuming extern returning int
     1>c:\users\albert\documents\visual studio 2013\projects\chatserver\chatserver\sds.c(151): warning C4013: 'sdslen' undefined; assuming extern returning int
     1>c:\users\albert\documents\visual studio 2013\projects\chatserver\chatserver\sds.c(176): warning C4013: 'sdssetlen' undefined; assuming extern returning int
     1>c:\users\albert\documents\visual studio 2013\projects\chatserver\chatserver\sds.c(196): warning C4013: 'sdsavail' undefined; assuming extern returning int
     1>c:\users\albert\documents\visual studio 2013\projects\chatserver\chatserver\sds.c(236): warning C4013: 'sdssetalloc' undefined; assuming extern returning int
     1>c:\users\albert\documents\visual studio 2013\projects\chatserver\chatserver\sds.c(281): warning C4013: 'sdsalloc' undefined; assuming extern returning int
     1>c:\users\albert\documents\visual studio 2013\projects\chatserver\chatserver\sds.c(347): warning C4244: '=' : conversion from 'uint64_t' to 'size_t', possible loss of data
     1>c:\users\albert\documents\visual studio 2013\projects\chatserver\chatserver\sds.c(408): warning C4018: '<' : signed/unsigned mismatch
     1>c:\users\albert\documents\visual studio 2013\projects\chatserver\chatserver\sds.c(611): warning C4018: '<' : signed/unsigned mismatch
     1>c:\users\albert\documents\visual studio 2013\projects\chatserver\chatserver\sds.c(615): warning C4013: 'sdsinclen' undefined; assuming extern returning int
     1>c:\users\albert\documents\visual studio 2013\projects\chatserver\chatserver\sds.c(627): warning C4018: '<' : signed/unsigned mismatch
     1>c:\users\albert\documents\visual studio 2013\projects\chatserver\chatserver\sds.c(644): warning C4018: '<' : signed/unsigned mismatch
         room.c
     1>c:\users\albert\documents\visual studio 2013\projects\chatserver\chatserver\room.c(11): warning C4047: 'function' : 'char *' differs in levels of indirection from 'char **'
     1>c:\users\albert\documents\visual studio 2013\projects\chatserver\chatserver\room.c(11): warning C4024: 'upperString' : different types for formal and actual parameter 1
     1>c:\users\albert\documents\visual studio 2013\projects\chatserver\chatserver\room.c(12): warning C4047: 'function' : 'const char *' differs in levels of indirection from 'char **'
     1>c:\users\albert\documents\visual studio 2013\projects\chatserver\chatserver\room.c(12): warning C4024: 'strcmp' : different types for formal and actual parameter 1
     1>c:\users\albert\documents\visual studio 2013\projects\chatserver\chatserver\room.c(14): warning C4013: 'cmdsRoomCreateRoom' undefined; assuming extern returning int
     1>c:\users\albert\documents\visual studio 2013\projects\chatserver\chatserver\room.c(15): error C2143: syntax error : missing ';' before '}'
     1>c:\users\albert\documents\visual studio 2013\projects\chatserver\chatserver\room.c(20): fatal error C1004: unexpected end-of-file found
         Generating Code...
     1>Done Building Project "C:\Users\Albert\documents\visual studio 2013\Projects\ChatServer\ChatServer\ChatServer.vcxproj" (Build target(s)) -- FAILED.

Build FAILED.

Time Elapsed 00:00:00.75
